{"name": "test_invalid_login", "status": "failed", "statusDetails": {"message": "AssertionError: assert 401 == 400\n +  where 401 = <Response [401]>.status_code", "trace": "base_url = 'https://reqres.in/api'\n\n    @allure.feature(\"Auth\")\n    @allure.story(\"Invalid Registration\")\n    @pytest.mark.smoke\n    def test_invalid_login(base_url):\n        url = f\"{base_url}/register\"\n        payload = {\n            \"email\": \"eve.holt@reqres.in\"\n            # password intentionally missing\n        }\n    \n        with allure.step(\"Sending invalid registration request\"):\n            response = requests.post(url, json=payload)\n            print(\"INVALID login response:\", response.status_code, response.text)\n    \n        with allure.step(\"Validating error for missing password\"):\n>           assert response.status_code == 400\nE           assert 401 == 400\nE            +  where 401 = <Response [401]>.status_code\n\ntests\\test_auth.py:40: AssertionError"}, "steps": [{"name": "Sending invalid registration request", "status": "passed", "start": 1762759547674, "stop": 1762759548144}, {"name": "Validating error for missing password", "status": "failed", "statusDetails": {"message": "AssertionError: assert 401 == 400\n +  where 401 = <Response [401]>.status_code\n", "trace": "  File \"C:\\Users\\JOSHUA\\Desktop\\TestBaseProdjects\\Cassini\\tests\\test_auth.py\", line 40, in test_invalid_login\n    assert response.status_code == 400\n"}, "start": 1762759548144, "stop": 1762759548144}], "attachments": [{"name": "stdout", "source": "8ed1b6db-849d-43dc-afc6-671e47517de8-attachment.txt", "type": "text/plain"}], "start": 1762759547674, "stop": 1762759548146, "uuid": "2a864f6b-e850-4981-9e64-2831f54351de", "historyId": "7e433950970e1378dd7a484795246838", "testCaseId": "7e433950970e1378dd7a484795246838", "fullName": "tests.test_auth#test_invalid_login", "labels": [{"name": "feature", "value": "Auth"}, {"name": "story", "value": "Invalid Registration"}, {"name": "tag", "value": "smoke"}, {"name": "parentSuite", "value": "tests"}, {"name": "suite", "value": "test_auth"}, {"name": "host", "value": "EmptySlatePC"}, {"name": "thread", "value": "13704-MainThread"}, {"name": "framework", "value": "pytest"}, {"name": "language", "value": "cpython3"}, {"name": "package", "value": "tests.test_auth"}], "titlePath": ["tests", "test_auth.py"]}