{"name": "test_valid_login", "status": "failed", "statusDetails": {"message": "AssertionError: assert 401 == 200\n +  where 401 = <Response [401]>.status_code", "trace": "base_url = 'https://reqres.in/api'\n\n    @allure.feature(\"Auth\")\n    @allure.story(\"Valid Registration\")\n    @pytest.mark.smoke\n    def test_valid_login(base_url):\n        url = f\"{base_url}/login\"\n        payload = {\n            \"email\": \"eve.holt@reqres.in\",\n            \"password\": \"cityslicka\"\n        }\n        response = requests.post(url, json=payload)\n>       assert response.status_code == 200\nE       assert 401 == 200\nE        +  where 401 = <Response [401]>.status_code\n\ntests\\test_auth.py:16: AssertionError"}, "start": 1762760043337, "stop": 1762760043758, "uuid": "a15224c7-83d6-43a7-b08b-503309756417", "historyId": "939819c109840889bf52561dcd047b7e", "testCaseId": "939819c109840889bf52561dcd047b7e", "fullName": "tests.test_auth#test_valid_login", "labels": [{"name": "story", "value": "Valid Registration"}, {"name": "feature", "value": "Auth"}, {"name": "tag", "value": "smoke"}, {"name": "parentSuite", "value": "tests"}, {"name": "suite", "value": "test_auth"}, {"name": "host", "value": "EmptySlatePC"}, {"name": "thread", "value": "4052-MainThread"}, {"name": "framework", "value": "pytest"}, {"name": "language", "value": "cpython3"}, {"name": "package", "value": "tests.test_auth"}], "titlePath": ["tests", "test_auth.py"]}