{"name": "test_invalid_login", "status": "failed", "statusDetails": {"message": "AssertionError: assert 401 == 400\n +  where 401 = <Response [401]>.status_code", "trace": "base_url = 'https://reqres.in/api'\n\n    @allure.feature(\"Auth\")\n    @allure.story(\"Invalid Registration\")\n    @pytest.mark.smoke\n    def test_invalid_login(base_url):\n        url = f\"{base_url}/register\"\n        payload = {\n            \"email\": \"eve.holt@reqres.in\"\n            # Missing password\n        }\n    \n        with allure.step(\"Sending invalid registration request\"):\n            response = requests.post(url, json=payload)\n    \n        with allure.step(\"Validating error for missing password\"):\n>           assert response.status_code == 400\nE           assert 401 == 400\nE            +  where 401 = <Response [401]>.status_code\n\ntests\\test_auth.py:39: AssertionError"}, "steps": [{"name": "Sending invalid registration request", "status": "passed", "start": 1762759443642, "stop": 1762759443818}, {"name": "Validating error for missing password", "status": "failed", "statusDetails": {"message": "AssertionError: assert 401 == 400\n +  where 401 = <Response [401]>.status_code\n", "trace": "  File \"C:\\Users\\JOSHUA\\Desktop\\TestBaseProdjects\\Cassini\\tests\\test_auth.py\", line 39, in test_invalid_login\n    assert response.status_code == 400\n"}, "start": 1762759443818, "stop": 1762759443818}], "start": 1762759443642, "stop": 1762759443820, "uuid": "b8fcf1cb-a021-4e67-9439-22ce2334a272", "historyId": "7e433950970e1378dd7a484795246838", "testCaseId": "7e433950970e1378dd7a484795246838", "fullName": "tests.test_auth#test_invalid_login", "labels": [{"name": "feature", "value": "Auth"}, {"name": "story", "value": "Invalid Registration"}, {"name": "tag", "value": "smoke"}, {"name": "parentSuite", "value": "tests"}, {"name": "suite", "value": "test_auth"}, {"name": "host", "value": "EmptySlatePC"}, {"name": "thread", "value": "4444-MainThread"}, {"name": "framework", "value": "pytest"}, {"name": "language", "value": "cpython3"}, {"name": "package", "value": "tests.test_auth"}], "titlePath": ["tests", "test_auth.py"]}