{"name": "test_valid_login", "status": "failed", "statusDetails": {"message": "AssertionError: assert 401 == 200\n +  where 401 = <Response [401]>.status_code", "trace": "base_url = 'https://reqres.in/api'\n\n    @allure.feature(\"Auth\")\n    @allure.story(\"Valid Login\")\n    @pytest.mark.smoke\n    def test_valid_login(base_url):\n        url = f\"{base_url}/login\"\n        payload = {\n            \"email\": \"eve.holt@reqres.in\",\n            \"password\": \"cityslicka\"\n        }\n    \n        with allure.step(\"Sending valid login request\"):\n            response = requests.post(url, json=payload)\n    \n        with allure.step(\"Asserting successful login response\"):\n>           assert response.status_code == 200\nE           assert 401 == 200\nE            +  where 401 = <Response [401]>.status_code\n\ntests\\test_auth.py:19: AssertionError"}, "steps": [{"name": "Sending valid login request", "status": "passed", "start": 1762759107049, "stop": 1762759107309}, {"name": "Asserting successful login response", "status": "failed", "statusDetails": {"message": "AssertionError: assert 401 == 200\n +  where 401 = <Response [401]>.status_code\n", "trace": "  File \"C:\\Users\\JOSHUA\\Desktop\\TestBaseProdjects\\Cassini\\tests\\test_auth.py\", line 19, in test_valid_login\n    assert response.status_code == 200\n"}, "start": 1762759107309, "stop": 1762759107309}], "start": 1762759107049, "stop": 1762759107309, "uuid": "9c91f794-b93a-4e0d-a53b-e387cd62203a", "historyId": "939819c109840889bf52561dcd047b7e", "testCaseId": "939819c109840889bf52561dcd047b7e", "fullName": "tests.test_auth#test_valid_login", "labels": [{"name": "story", "value": "Valid Login"}, {"name": "feature", "value": "Auth"}, {"name": "tag", "value": "smoke"}, {"name": "parentSuite", "value": "tests"}, {"name": "suite", "value": "test_auth"}, {"name": "host", "value": "EmptySlatePC"}, {"name": "thread", "value": "1696-MainThread"}, {"name": "framework", "value": "pytest"}, {"name": "language", "value": "cpython3"}, {"name": "package", "value": "tests.test_auth"}], "titlePath": ["tests", "test_auth.py"]}