{"name": "test_valid_login", "status": "failed", "statusDetails": {"message": "AssertionError: assert 401 == 200\n +  where 401 = <Response [401]>.status_code", "trace": "base_url = 'https://reqres.in/api'\n\n    @allure.feature(\"Auth\")\n    @allure.story(\"Valid Registration\")\n    @pytest.mark.smoke\n    def test_valid_login(base_url):\n        url = f\"{base_url}/register\"\n        payload = {\n            \"email\": \"eve.holt@reqres.in\",\n            \"password\": \"pistol\"\n        }\n    \n        with allure.step(\"Sending valid registration request\"):\n            response = requests.post(url, json=payload)\n    \n        with allure.step(\"Validating successful registration response\"):\n>           assert response.status_code == 200\nE           assert 401 == 200\nE            +  where 401 = <Response [401]>.status_code\n\ntests\\test_auth.py:20: AssertionError"}, "steps": [{"name": "Sending valid registration request", "status": "passed", "start": 1762759443248, "stop": 1762759443594}, {"name": "Validating successful registration response", "status": "failed", "statusDetails": {"message": "AssertionError: assert 401 == 200\n +  where 401 = <Response [401]>.status_code\n", "trace": "  File \"C:\\Users\\JOSHUA\\Desktop\\TestBaseProdjects\\Cassini\\tests\\test_auth.py\", line 20, in test_valid_login\n    assert response.status_code == 200\n"}, "start": 1762759443594, "stop": 1762759443594}], "start": 1762759443248, "stop": 1762759443594, "uuid": "4f587bb8-261a-412d-b29a-31aa02859ce3", "historyId": "939819c109840889bf52561dcd047b7e", "testCaseId": "939819c109840889bf52561dcd047b7e", "fullName": "tests.test_auth#test_valid_login", "labels": [{"name": "feature", "value": "Auth"}, {"name": "story", "value": "Valid Registration"}, {"name": "tag", "value": "smoke"}, {"name": "parentSuite", "value": "tests"}, {"name": "suite", "value": "test_auth"}, {"name": "host", "value": "EmptySlatePC"}, {"name": "thread", "value": "4444-MainThread"}, {"name": "framework", "value": "pytest"}, {"name": "language", "value": "cpython3"}, {"name": "package", "value": "tests.test_auth"}], "titlePath": ["tests", "test_auth.py"]}