{"name": "test_concurrent_requests", "status": "failed", "statusDetails": {"message": "AssertionError: assert 4.583327293395996 < 3", "trace": "@allure.feature(\"Performance\")\n    @allure.story(\"Concurrent Requests\")\n    @pytest.mark.performance\n    def test_concurrent_requests():\n        url = \"https://httpbin.org/delay/1\"\n        with ThreadPoolExecutor(max_workers=10) as executor:\n            start = time.time()\n            futures = [executor.submit(requests.get, url) for _ in range(10)]\n            results = [f.result() for f in futures]\n            duration = time.time() - start\n            assert all(r.status_code == 200 for r in results)\n>           assert duration < 3 # ideally around 1s for all due to parallelism\nE           assert 4.583327293395996 < 3\n\ntests\\test_performance.py:41: AssertionError"}, "start": 1762758220643, "stop": 1762758225226, "uuid": "7e25f9fc-0b5f-43bf-95c3-ac6478ec693d", "historyId": "655d6b65039d3a228db266b83fe0bcda", "testCaseId": "655d6b65039d3a228db266b83fe0bcda", "fullName": "tests.test_performance#test_concurrent_requests", "labels": [{"name": "feature", "value": "Performance"}, {"name": "story", "value": "Concurrent Requests"}, {"name": "tag", "value": "performance"}, {"name": "parentSuite", "value": "tests"}, {"name": "suite", "value": "test_performance"}, {"name": "host", "value": "EmptySlatePC"}, {"name": "thread", "value": "21924-MainThread"}, {"name": "framework", "value": "pytest"}, {"name": "language", "value": "cpython3"}, {"name": "package", "value": "tests.test_performance"}], "titlePath": ["tests", "test_performance.py"]}