{"name": "test_invalid_login", "status": "failed", "statusDetails": {"message": "AssertionError: assert 401 == 400\n +  where 401 = <Response [401]>.status_code", "trace": "base_url = 'https://reqres.in/api'\n\n    @allure.feature(\"Auth\")\n    @allure.story(\"Invalid Password\")\n    @pytest.mark.smoke\n    def test_invalid_login(base_url):\n        url = f\"{base_url}/login\"\n        payload = {\n            \"email\": \"eve.holt@reqres.in\",\n            \"password\": \"wrongpassword\"\n        }\n    \n        with allure.step(\"Sending invalid login request\"):\n            response = requests.post(url, json=payload)\n    \n        with allure.step(\"Asserting failure response\"):\n>           assert response.status_code == 400\nE           assert 401 == 400\nE            +  where 401 = <Response [401]>.status_code\n\ntests\\test_auth.py:38: AssertionError"}, "steps": [{"name": "Sending invalid login request", "status": "passed", "start": 1762759107354, "stop": 1762759107621}, {"name": "Asserting failure response", "status": "failed", "statusDetails": {"message": "AssertionError: assert 401 == 400\n +  where 401 = <Response [401]>.status_code\n", "trace": "  File \"C:\\Users\\JOSHUA\\Desktop\\TestBaseProdjects\\Cassini\\tests\\test_auth.py\", line 38, in test_invalid_login\n    assert response.status_code == 400\n"}, "start": 1762759107621, "stop": 1762759107621}], "start": 1762759107354, "stop": 1762759107623, "uuid": "3f324376-514d-4069-8938-8a2e69c45f18", "historyId": "7e433950970e1378dd7a484795246838", "testCaseId": "7e433950970e1378dd7a484795246838", "fullName": "tests.test_auth#test_invalid_login", "labels": [{"name": "feature", "value": "Auth"}, {"name": "story", "value": "Invalid Password"}, {"name": "tag", "value": "smoke"}, {"name": "parentSuite", "value": "tests"}, {"name": "suite", "value": "test_auth"}, {"name": "host", "value": "EmptySlatePC"}, {"name": "thread", "value": "1696-MainThread"}, {"name": "framework", "value": "pytest"}, {"name": "language", "value": "cpython3"}, {"name": "package", "value": "tests.test_auth"}], "titlePath": ["tests", "test_auth.py"]}