{"name": "test_valid_login", "status": "failed", "statusDetails": {"message": "AssertionError: assert 401 == 200\n +  where 401 = <Response [401]>.status_code", "trace": "base_url = 'https://reqres.in/api'\n\n    @allure.feature(\"Auth\")\n    @allure.story(\"Valid Registration\")\n    @pytest.mark.smoke\n    def test_valid_login(base_url):\n        url = f\"{base_url}/register\"\n        payload = {\n            \"email\": \"eve.holt@reqres.in\",\n            \"password\": \"pistol\"\n        }\n    \n        with allure.step(\"Sending valid registration request\"):\n            response = requests.post(url, json=payload)\n            print(\"VALID login response:\", response.status_code, response.text)\n    \n        with allure.step(\"Validating successful registration response\"):\n>           assert response.status_code == 200\nE           assert 401 == 200\nE            +  where 401 = <Response [401]>.status_code\n\ntests\\test_auth.py:21: AssertionError"}, "steps": [{"name": "Sending valid registration request", "status": "passed", "start": 1762759926220, "stop": 1762759926716}, {"name": "Validating successful registration response", "status": "failed", "statusDetails": {"message": "AssertionError: assert 401 == 200\n +  where 401 = <Response [401]>.status_code\n", "trace": "  File \"C:\\Users\\JOSHUA\\Desktop\\TestBaseProdjects\\Cassini\\tests\\test_auth.py\", line 21, in test_valid_login\n    assert response.status_code == 200\n"}, "start": 1762759926716, "stop": 1762759926716}], "attachments": [{"name": "stdout", "source": "cb76c836-d40c-4e3a-9492-11171ce60b4d-attachment.txt", "type": "text/plain"}], "start": 1762759926220, "stop": 1762759926718, "uuid": "d3a8516a-f43e-429b-80b3-d1b8d0bb9326", "historyId": "939819c109840889bf52561dcd047b7e", "testCaseId": "939819c109840889bf52561dcd047b7e", "fullName": "tests.test_auth#test_valid_login", "labels": [{"name": "story", "value": "Valid Registration"}, {"name": "feature", "value": "Auth"}, {"name": "tag", "value": "smoke"}, {"name": "parentSuite", "value": "tests"}, {"name": "suite", "value": "test_auth"}, {"name": "host", "value": "EmptySlatePC"}, {"name": "thread", "value": "16668-MainThread"}, {"name": "framework", "value": "pytest"}, {"name": "language", "value": "cpython3"}, {"name": "package", "value": "tests.test_auth"}], "titlePath": ["tests", "test_auth.py"]}