{"name": "test_valid_login", "status": "failed", "statusDetails": {"message": "AssertionError: assert 401 == 200\n +  where 401 = <Response [401]>.status_code", "trace": "base_url = 'https://reqres.in/api'\n\n    @allure.feature(\"Auth\")\n    @allure.story(\"Valid Login\")\n    def test_valid_login(base_url):\n        url = f\"{base_url}/login\"\n        payload = {\n        \"email\": \"eve.holt@reqres.in\",\n        \"password\": \"cityslicka\"\n        }\n        with allure.step(\"Sending valid login request\"):\n            response = requests.post(url, json=payload)\n            with allure.step(\"Asserting response\"):\n>               assert response.status_code == 200\nE               assert 401 == 200\nE                +  where 401 = <Response [401]>.status_code\n\ntests\\test_auth.py:16: AssertionError"}, "steps": [{"name": "Sending valid login request", "status": "failed", "statusDetails": {"message": "AssertionError: assert 401 == 200\n +  where 401 = <Response [401]>.status_code\n", "trace": "  File \"C:\\Users\\JOSHUA\\Desktop\\TestBaseProdjects\\Cassini\\tests\\test_auth.py\", line 16, in test_valid_login\n    assert response.status_code == 200\n"}, "steps": [{"name": "Asserting response", "status": "failed", "statusDetails": {"message": "AssertionError: assert 401 == 200\n +  where 401 = <Response [401]>.status_code\n", "trace": "  File \"C:\\Users\\JOSHUA\\Desktop\\TestBaseProdjects\\Cassini\\tests\\test_auth.py\", line 16, in test_valid_login\n    assert response.status_code == 200\n"}, "start": 1762758219608, "stop": 1762758219608}], "start": 1762758219214, "stop": 1762758219608}], "start": 1762758219214, "stop": 1762758219608, "uuid": "2441dd0c-97e1-4a18-a710-803fa3020758", "historyId": "939819c109840889bf52561dcd047b7e", "testCaseId": "939819c109840889bf52561dcd047b7e", "fullName": "tests.test_auth#test_valid_login", "labels": [{"name": "feature", "value": "Auth"}, {"name": "story", "value": "Valid Login"}, {"name": "parentSuite", "value": "tests"}, {"name": "suite", "value": "test_auth"}, {"name": "host", "value": "EmptySlatePC"}, {"name": "thread", "value": "21924-MainThread"}, {"name": "framework", "value": "pytest"}, {"name": "language", "value": "cpython3"}, {"name": "package", "value": "tests.test_auth"}], "titlePath": ["tests", "test_auth.py"]}