{"name": "test_concurrent_requests", "status": "failed", "statusDetails": {"message": "AssertionError: assert 5.8831048011779785 < 3", "trace": "@allure.feature(\"Performance\")\n    @allure.story(\"Concurrent Requests\")\n    @pytest.mark.performance\n    def test_concurrent_requests():\n        url = \"https://httpbin.org/delay/1\"\n        with ThreadPoolExecutor(max_workers=10) as executor:\n            start = time.time()\n            futures = [executor.submit(requests.get, url) for _ in range(10)]\n            results = [f.result() for f in futures]\n            duration = time.time() - start\n            assert all(r.status_code == 200 for r in results)\n>           assert duration < 3 # ideally around 1s for all due to parallelism\nE           assert 5.8831048011779785 < 3\n\ntests\\test_performance.py:41: AssertionError"}, "start": 1762758657688, "stop": 1762758663571, "uuid": "cb9ce051-e473-42b7-91ce-da9f813d42a7", "historyId": "655d6b65039d3a228db266b83fe0bcda", "testCaseId": "655d6b65039d3a228db266b83fe0bcda", "fullName": "tests.test_performance#test_concurrent_requests", "labels": [{"name": "feature", "value": "Performance"}, {"name": "story", "value": "Concurrent Requests"}, {"name": "tag", "value": "performance"}, {"name": "parentSuite", "value": "tests"}, {"name": "suite", "value": "test_performance"}, {"name": "host", "value": "EmptySlatePC"}, {"name": "thread", "value": "10384-MainThread"}, {"name": "framework", "value": "pytest"}, {"name": "language", "value": "cpython3"}, {"name": "package", "value": "tests.test_performance"}], "titlePath": ["tests", "test_performance.py"]}