{"name": "test_stress_post", "status": "failed", "statusDetails": {"message": "AssertionError: assert 5 >= 40", "trace": "@allure.feature(\"Performance\")\n    @allure.story(\"Stress Test 50 Requests\")\n    @pytest.mark.performance\n    def test_stress_post():\n        url = \"https://httpbin.org/post\"\n        payload = {\"data\": \"x\" * 1024}\n        success = 0\n    \n        for _ in range(5):\n            try:\n                r = requests.post(url, json=payload, timeout=3)\n                if r.status_code == 200:\n                    success += 1\n            except Exception:\n                continue\n    \n        with allure.step(\"Validating success rate under load\"):\n>           assert success >= 40  # relaxed threshold for public service\nE           assert 5 >= 40\n\ntests\\test_performance.py:68: AssertionError"}, "steps": [{"name": "Validating success rate under load", "status": "failed", "statusDetails": {"message": "AssertionError: assert 5 >= 40\n", "trace": "  File \"C:\\Users\\JOSHUA\\Desktop\\TestBaseProdjects\\Cassini\\tests\\test_performance.py\", line 68, in test_stress_post\n    assert success >= 40  # relaxed threshold for public service\n"}, "start": 1762759942180, "stop": 1762759942180}], "start": 1762759933267, "stop": 1762759942180, "uuid": "6ac9a12b-4855-4bda-b723-00a47053855d", "historyId": "f4836cd6cffcaefae0c089523e2e7dc5", "testCaseId": "f4836cd6cffcaefae0c089523e2e7dc5", "fullName": "tests.test_performance#test_stress_post", "labels": [{"name": "story", "value": "Stress Test 50 Requests"}, {"name": "feature", "value": "Performance"}, {"name": "tag", "value": "performance"}, {"name": "parentSuite", "value": "tests"}, {"name": "suite", "value": "test_performance"}, {"name": "host", "value": "EmptySlatePC"}, {"name": "thread", "value": "16668-MainThread"}, {"name": "framework", "value": "pytest"}, {"name": "language", "value": "cpython3"}, {"name": "package", "value": "tests.test_performance"}], "titlePath": ["tests", "test_performance.py"]}