{"name": "test_invalid_login", "status": "failed", "statusDetails": {"message": "AssertionError: assert 401 == 400\n +  where 401 = <Response [401]>.status_code", "trace": "base_url = 'https://reqres.in/api'\n\n    @allure.feature(\"Auth\")\n    @allure.story(\"Invalid Registration\")\n    @pytest.mark.smoke\n    def test_invalid_login(base_url):\n        url = f\"{base_url}/register\"\n        payload = {\n            \"email\": \"eve.holt@reqres.in\"\n            # password intentionally missing\n        }\n    \n        with allure.step(\"Sending invalid registration request\"):\n            response = requests.post(url, json=payload)\n            print(\"INVALID login response:\", response.status_code, response.text)\n    \n        with allure.step(\"Validating error for missing password\"):\n>           assert response.status_code == 400\nE           assert 401 == 400\nE            +  where 401 = <Response [401]>.status_code\n\ntests\\test_auth.py:40: AssertionError"}, "steps": [{"name": "Sending invalid registration request", "status": "passed", "start": 1762759926766, "stop": 1762759927227}, {"name": "Validating error for missing password", "status": "failed", "statusDetails": {"message": "AssertionError: assert 401 == 400\n +  where 401 = <Response [401]>.status_code\n", "trace": "  File \"C:\\Users\\JOSHUA\\Desktop\\TestBaseProdjects\\Cassini\\tests\\test_auth.py\", line 40, in test_invalid_login\n    assert response.status_code == 400\n"}, "start": 1762759927227, "stop": 1762759927227}], "attachments": [{"name": "stdout", "source": "47bcba6e-2e6a-4692-9390-89c0edd63c1b-attachment.txt", "type": "text/plain"}], "start": 1762759926766, "stop": 1762759927229, "uuid": "13681c63-9c52-4220-86e0-bbead59ed17f", "historyId": "7e433950970e1378dd7a484795246838", "testCaseId": "7e433950970e1378dd7a484795246838", "fullName": "tests.test_auth#test_invalid_login", "labels": [{"name": "feature", "value": "Auth"}, {"name": "story", "value": "Invalid Registration"}, {"name": "tag", "value": "smoke"}, {"name": "parentSuite", "value": "tests"}, {"name": "suite", "value": "test_auth"}, {"name": "host", "value": "EmptySlatePC"}, {"name": "thread", "value": "16668-MainThread"}, {"name": "framework", "value": "pytest"}, {"name": "language", "value": "cpython3"}, {"name": "package", "value": "tests.test_auth"}], "titlePath": ["tests", "test_auth.py"]}