{"name": "test_stress_post", "status": "failed", "statusDetails": {"message": "AssertionError: assert 1 >= 45", "trace": "@allure.feature(\"Performance\")\n    @allure.story(\"Stress Test 50 Requests\")\n    def test_stress_post():\n        url = \"https://httpbin.org/post\"\n        payload = {\"data\": \"x\" * 1024} # 1KB\n        success = 0\n        start = time.time()\n        for _ in range(50):\n            r = requests.post(url, json=payload)\n            if r.status_code == 200:\n                success += 1\n                duration = time.time() - start\n>               assert success >= 45\nE               assert 1 >= 45\n\ntests\\test_performance.py:56: AssertionError"}, "start": 1762758225226, "stop": 1762758226370, "uuid": "54d8cd1d-aa4a-4d0d-a10a-88717e83fa9b", "historyId": "f4836cd6cffcaefae0c089523e2e7dc5", "testCaseId": "f4836cd6cffcaefae0c089523e2e7dc5", "fullName": "tests.test_performance#test_stress_post", "labels": [{"name": "feature", "value": "Performance"}, {"name": "story", "value": "Stress Test 50 Requests"}, {"name": "parentSuite", "value": "tests"}, {"name": "suite", "value": "test_performance"}, {"name": "host", "value": "EmptySlatePC"}, {"name": "thread", "value": "21924-MainThread"}, {"name": "framework", "value": "pytest"}, {"name": "language", "value": "cpython3"}, {"name": "package", "value": "tests.test_performance"}], "titlePath": ["tests", "test_performance.py"]}