{"name": "test_unicode_characters", "status": "failed", "statusDetails": {"message": "AssertionError: assert 422 == 201\n +  where 422 = <Response [422]>.status_code", "trace": "headers = {'Authorization': 'Bearer b8566d29d628d818f0b0ea7a4b89e6182cdf0e267da5773b80350fb76569ac41', 'Content-Type': 'application/json'}\n\n    @allure.feature(\"Edge\")\n    @allure.story(\"Unicode Characters\")\n    @pytest.mark.regression\n    def test_unicode_characters(headers):\n        url = \"https://gorest.co.in/public/v2/users\"\n        payload = {\n            \"name\": \"José María González-Pérez £$%^\",\n            \"email\": f\"unicode_{random.randint(1000,9999)}@müller.com\",\n            \"gender\": \"male\",\n            \"status\": \"active\"\n        }\n    \n        with allure.step(\"Sending user with Unicode characters\"):\n            response = requests.post(url, json=payload, headers=headers)\n    \n        with allure.step(\"Validating Unicode character support\"):\n>           assert response.status_code == 201\nE           assert 422 == 201\nE            +  where 422 = <Response [422]>.status_code\n\ntests\\test_edge_cases.py:52: AssertionError"}, "steps": [{"name": "Sending user with Unicode characters", "status": "passed", "start": 1762759058767, "stop": 1762759058889}, {"name": "Validating Unicode character support", "status": "failed", "statusDetails": {"message": "AssertionError: assert 422 == 201\n +  where 422 = <Response [422]>.status_code\n", "trace": "  File \"C:\\Users\\JOSHUA\\Desktop\\TestBaseProdjects\\Cassini\\tests\\test_edge_cases.py\", line 52, in test_unicode_characters\n    assert response.status_code == 201\n"}, "start": 1762759058889, "stop": 1762759058889}], "start": 1762759058767, "stop": 1762759058889, "uuid": "261ce17d-34dc-4a3f-8add-d72413a452d5", "historyId": "de4eb5cc9b30ebaf84587d0e06232afb", "testCaseId": "de4eb5cc9b30ebaf84587d0e06232afb", "fullName": "tests.test_edge_cases#test_unicode_characters", "labels": [{"name": "feature", "value": "Edge"}, {"name": "story", "value": "Unicode Characters"}, {"name": "tag", "value": "regression"}, {"name": "parentSuite", "value": "tests"}, {"name": "suite", "value": "test_edge_cases"}, {"name": "host", "value": "EmptySlatePC"}, {"name": "thread", "value": "21072-MainThread"}, {"name": "framework", "value": "pytest"}, {"name": "language", "value": "cpython3"}, {"name": "package", "value": "tests.test_edge_cases"}], "titlePath": ["tests", "test_edge_cases.py"]}