{"name": "test_concurrent_requests", "status": "failed", "statusDetails": {"message": "AssertionError: assert 3.9157779216766357 < 3", "trace": "@allure.feature(\"Performance\")\n    @allure.story(\"Concurrent Requests\")\n    @pytest.mark.performance\n    def test_concurrent_requests():\n        url = \"https://httpbin.org/delay/1\"\n        with ThreadPoolExecutor(max_workers=10) as executor:\n            start = time.time()\n            futures = [executor.submit(requests.get, url) for _ in range(10)]\n            results = [f.result() for f in futures]\n            duration = time.time() - start\n    \n        with allure.step(\"Validating parallel request response times\"):\n            assert all(r.status_code == 200 for r in results)\n>           assert duration < 3\nE           assert 3.9157779216766357 < 3\n\ntests\\test_performance.py:48: AssertionError"}, "steps": [{"name": "Validating parallel request response times", "status": "failed", "statusDetails": {"message": "AssertionError: assert 3.9157779216766357 < 3\n", "trace": "  File \"C:\\Users\\JOSHUA\\Desktop\\TestBaseProdjects\\Cassini\\tests\\test_performance.py\", line 48, in test_concurrent_requests\n    assert duration < 3\n"}, "start": 1762759448612, "stop": 1762759448612}], "start": 1762759444693, "stop": 1762759448612, "uuid": "4c630dce-994d-4bef-9e09-d63fc7dd178e", "historyId": "655d6b65039d3a228db266b83fe0bcda", "testCaseId": "655d6b65039d3a228db266b83fe0bcda", "fullName": "tests.test_performance#test_concurrent_requests", "labels": [{"name": "story", "value": "Concurrent Requests"}, {"name": "feature", "value": "Performance"}, {"name": "tag", "value": "performance"}, {"name": "parentSuite", "value": "tests"}, {"name": "suite", "value": "test_performance"}, {"name": "host", "value": "EmptySlatePC"}, {"name": "thread", "value": "4444-MainThread"}, {"name": "framework", "value": "pytest"}, {"name": "language", "value": "cpython3"}, {"name": "package", "value": "tests.test_performance"}], "titlePath": ["tests", "test_performance.py"]}