{"name": "test_concurrent_requests", "status": "failed", "statusDetails": {"message": "AssertionError: assert False\n +  where False = all(<generator object test_concurrent_requests.<locals>.<genexpr> at 0x000001E24A8D1770>)", "trace": "@allure.feature(\"Performance\")\n    @allure.story(\"Concurrent Requests\")\n    @pytest.mark.performance\n    def test_concurrent_requests():\n        url = \"https://httpbin.org/delay/1\"\n        with ThreadPoolExecutor(max_workers=10) as executor:\n            start = time.time()\n            futures = [executor.submit(requests.get, url) for _ in range(10)]\n            results = [f.result() for f in futures]\n            duration = time.time() - start\n    \n        with allure.step(\"Validating parallel request response times\"):\n>           assert all(r.status_code == 200 for r in results)\nE           assert False\nE            +  where False = all(<generator object test_concurrent_requests.<locals>.<genexpr> at 0x000001E24A8D1770>)\n\ntests\\test_performance.py:47: AssertionError"}, "steps": [{"name": "Validating parallel request response times", "status": "failed", "statusDetails": {"message": "AssertionError: assert False\n +  where False = all(<generator object test_concurrent_requests.<locals>.<genexpr> at 0x000001E24A8D1770>)\n", "trace": "  File \"C:\\Users\\JOSHUA\\Desktop\\TestBaseProdjects\\Cassini\\tests\\test_performance.py\", line 47, in test_concurrent_requests\n    assert all(r.status_code == 200 for r in results)\n"}, "start": 1762759933267, "stop": 1762759933267}], "start": 1762759928182, "stop": 1762759933267, "uuid": "8cb3a2d9-86b8-43f2-9479-66d38876c58f", "historyId": "655d6b65039d3a228db266b83fe0bcda", "testCaseId": "655d6b65039d3a228db266b83fe0bcda", "fullName": "tests.test_performance#test_concurrent_requests", "labels": [{"name": "feature", "value": "Performance"}, {"name": "story", "value": "Concurrent Requests"}, {"name": "tag", "value": "performance"}, {"name": "parentSuite", "value": "tests"}, {"name": "suite", "value": "test_performance"}, {"name": "host", "value": "EmptySlatePC"}, {"name": "thread", "value": "16668-MainThread"}, {"name": "framework", "value": "pytest"}, {"name": "language", "value": "cpython3"}, {"name": "package", "value": "tests.test_performance"}], "titlePath": ["tests", "test_performance.py"]}