{"name": "test_invalid_login", "status": "failed", "statusDetails": {"message": "AssertionError: assert 401 == 400\n +  where 401 = <Response [401]>.status_code", "trace": "base_url = 'https://reqres.in/api'\n\n    @allure.feature(\"Auth\")\n    @allure.story(\"Invalid Password\")\n    def test_invalid_login(base_url):\n        url = f\"{base_url}/login\"\n        payload = {\n        \"email\": \"eve.holt@reqres.in\",\n        \"password\": \"wrongpassword\"\n        }\n        response = requests.post(url, json=payload)\n>       assert response.status_code == 400\nE       assert 401 == 400\nE        +  where 401 = <Response [401]>.status_code\n\ntests\\test_auth.py:29: AssertionError"}, "start": 1762758219672, "stop": 1762758219910, "uuid": "bbc93848-5098-442e-8d39-41e08364e6af", "historyId": "7e433950970e1378dd7a484795246838", "testCaseId": "7e433950970e1378dd7a484795246838", "fullName": "tests.test_auth#test_invalid_login", "labels": [{"name": "story", "value": "Invalid Password"}, {"name": "feature", "value": "Auth"}, {"name": "parentSuite", "value": "tests"}, {"name": "suite", "value": "test_auth"}, {"name": "host", "value": "EmptySlatePC"}, {"name": "thread", "value": "21924-MainThread"}, {"name": "framework", "value": "pytest"}, {"name": "language", "value": "cpython3"}, {"name": "package", "value": "tests.test_auth"}], "titlePath": ["tests", "test_auth.py"]}